<?xml version="1.0" encoding="UTF-8"?>
<coverage generated="1607109245150" clover="3.2.0">
  <project timestamp="1607109245150" name="All files">
    <metrics statements="25" coveredstatements="19" conditionals="2" coveredconditionals="1" methods="7" coveredmethods="3" elements="34" coveredelements="23" complexity="0" loc="25" ncloc="25" packages="5" files="5" classes="5"/>
    <package name="challenges.1-sum">
      <metrics statements="3" coveredstatements="2" conditionals="0" coveredconditionals="0" methods="1" coveredmethods="0"/>
      <file name="challenge.js" path="C:\projetos\chalenge-js\challenges\1-sum\challenge.js">
        <metrics statements="3" coveredstatements="2" conditionals="0" coveredconditionals="0" methods="1" coveredmethods="0"/>
        <line num="6" count="1" type="stmt"/>
        <line num="7" count="0" type="stmt"/>
        <line num="10" count="1" type="stmt"/>
      </file>
    </package>
    <package name="challenges.pokemon-master.1-capture-the-pokemon">
      <metrics statements="13" coveredstatements="11" conditionals="2" coveredconditionals="1" methods="4" coveredmethods="3"/>
      <file name="challenge.js" path="C:\projetos\chalenge-js\challenges\pokemon-master\1-capture-the-pokemon\challenge.js">
        <metrics statements="13" coveredstatements="11" conditionals="2" coveredconditionals="1" methods="4" coveredmethods="3"/>
        <line num="1" count="1" type="stmt"/>
        <line num="3" count="1" type="stmt"/>
        <line num="4" count="2" type="stmt"/>
        <line num="7" count="1" type="stmt"/>
        <line num="8" count="2" type="stmt"/>
        <line num="10" count="1" type="cond" truecount="1" falsecount="1"/>
        <line num="11" count="1" type="stmt"/>
        <line num="12" count="1" type="stmt"/>
        <line num="14" count="0" type="stmt"/>
        <line num="17" count="1" type="stmt"/>
        <line num="20" count="0" type="stmt"/>
        <line num="24" count="1" type="stmt"/>
        <line num="26" count="1" type="stmt"/>
      </file>
    </package>
    <package name="challenges.pokemon-master.2-send-the-pokemon">
      <metrics statements="4" coveredstatements="2" conditionals="0" coveredconditionals="0" methods="1" coveredmethods="0"/>
      <file name="challenge.js" path="C:\projetos\chalenge-js\challenges\pokemon-master\2-send-the-pokemon\challenge.js">
        <metrics statements="4" coveredstatements="2" conditionals="0" coveredconditionals="0" methods="1" coveredmethods="0"/>
        <line num="6" count="1" type="stmt"/>
        <line num="7" count="0" type="stmt"/>
        <line num="8" count="0" type="stmt"/>
        <line num="11" count="1" type="stmt"/>
      </file>
    </package>
    <package name="challenges.pokemon-master.3-capture-by-type">
      <metrics statements="3" coveredstatements="2" conditionals="0" coveredconditionals="0" methods="1" coveredmethods="0"/>
      <file name="challenge.js" path="C:\projetos\chalenge-js\challenges\pokemon-master\3-capture-by-type\challenge.js">
        <metrics statements="3" coveredstatements="2" conditionals="0" coveredconditionals="0" methods="1" coveredmethods="0"/>
        <line num="13" count="1" type="stmt"/>
        <line num="16" count="0" type="stmt"/>
        <line num="19" count="1" type="stmt"/>
      </file>
    </package>
    <package name="utils">
      <metrics statements="2" coveredstatements="2" conditionals="0" coveredconditionals="0" methods="0" coveredmethods="0"/>
      <file name="pokemonApi.response.js" path="C:\projetos\chalenge-js\utils\pokemonApi.response.js">
        <metrics statements="2" coveredstatements="2" conditionals="0" coveredconditionals="0" methods="0" coveredmethods="0"/>
        <line num="1" count="1" type="stmt"/>
        <line num="11465" count="1" type="stmt"/>
      </file>
    </package>
  </project>
</coverage>
