{"C:\\projetos\\chalenge-js\\challenges\\1-sum\\challenge.js": {"path":"C:\\projetos\\chalenge-js\\challenges\\1-sum\\challenge.js","statementMap":{"0":{"start":{"line":6,"column":21},"end":{"line":8,"column":1}},"1":{"start":{"line":7,"column":4},"end":{"line":7,"column":14}},"2":{"start":{"line":10,"column":0},"end":{"line":10,"column":29}}},"fnMap":{"0":{"name":"(anonymous_0)","decl":{"start":{"line":6,"column":21},"end":{"line":6,"column":22}},"loc":{"start":{"line":6,"column":28},"end":{"line":8,"column":1}},"line":6}},"branchMap":{},"s":{"0":1,"1":0,"2":1},"f":{"0":0},"b":{},"_coverageSchema":"1a1c01bbd47fc00a2c39e90264f33305004495a9","hash":"b72f69220bad1a0b0df0e949b09e0e185cd65b86"}
,"C:\\projetos\\chalenge-js\\challenges\\pokemon-master\\1-capture-the-pokemon\\challenge.js": {"path":"C:\\projetos\\chalenge-js\\challenges\\pokemon-master\\1-capture-the-pokemon\\challenge.js","statementMap":{"0":{"start":{"line":1,"column":14},"end":{"line":1,"column":30}},"1":{"start":{"line":3,"column":15},"end":{"line":5,"column":1}},"2":{"start":{"line":4,"column":4},"end":{"line":4,"column":72}},"3":{"start":{"line":7,"column":23},"end":{"line":22,"column":1}},"4":{"start":{"line":8,"column":4},"end":{"line":21,"column":6}},"5":{"start":{"line":10,"column":8},"end":{"line":15,"column":9}},"6":{"start":{"line":11,"column":12},"end":{"line":11,"column":47}},"7":{"start":{"line":12,"column":12},"end":{"line":12,"column":36}},"8":{"start":{"line":14,"column":12},"end":{"line":14,"column":59}},"9":{"start":{"line":17,"column":8},"end":{"line":17,"column":26}},"10":{"start":{"line":20,"column":8},"end":{"line":20,"column":26}},"11":{"start":{"line":24,"column":0},"end":{"line":24,"column":88}},"12":{"start":{"line":26,"column":0},"end":{"line":26,"column":31}}},"fnMap":{"0":{"name":"(anonymous_0)","decl":{"start":{"line":3,"column":15},"end":{"line":3,"column":16}},"loc":{"start":{"line":3,"column":32},"end":{"line":5,"column":1}},"line":3},"1":{"name":"(anonymous_1)","decl":{"start":{"line":7,"column":23},"end":{"line":7,"column":24}},"loc":{"start":{"line":7,"column":56},"end":{"line":22,"column":1}},"line":7},"2":{"name":"(anonymous_2)","decl":{"start":{"line":8,"column":34},"end":{"line":8,"column":35}},"loc":{"start":{"line":8,"column":47},"end":{"line":19,"column":5}},"line":8},"3":{"name":"(anonymous_3)","decl":{"start":{"line":19,"column":13},"end":{"line":19,"column":14}},"loc":{"start":{"line":19,"column":22},"end":{"line":21,"column":5}},"line":19}},"branchMap":{"0":{"loc":{"start":{"line":10,"column":8},"end":{"line":15,"column":9}},"type":"if","locations":[{"start":{"line":10,"column":8},"end":{"line":15,"column":9}},{"start":{"line":10,"column":8},"end":{"line":15,"column":9}}],"line":10}},"s":{"0":1,"1":1,"2":2,"3":1,"4":2,"5":1,"6":1,"7":1,"8":0,"9":1,"10":0,"11":1,"12":1},"f":{"0":2,"1":2,"2":1,"3":0},"b":{"0":[1,0]},"_coverageSchema":"1a1c01bbd47fc00a2c39e90264f33305004495a9","hash":"0659d12c2dbf8538a60ec582e696564a1bbf566a"}
,"C:\\projetos\\chalenge-js\\challenges\\pokemon-master\\2-send-the-pokemon\\challenge.js": {"path":"C:\\projetos\\chalenge-js\\challenges\\pokemon-master\\2-send-the-pokemon\\challenge.js","statementMap":{"0":{"start":{"line":6,"column":21},"end":{"line":9,"column":1}},"1":{"start":{"line":7,"column":19},"end":{"line":7,"column":42}},"2":{"start":{"line":8,"column":4},"end":{"line":8,"column":18}},"3":{"start":{"line":11,"column":0},"end":{"line":11,"column":29}}},"fnMap":{"0":{"name":"(anonymous_0)","decl":{"start":{"line":6,"column":21},"end":{"line":6,"column":22}},"loc":{"start":{"line":6,"column":28},"end":{"line":9,"column":1}},"line":6}},"branchMap":{},"s":{"0":1,"1":0,"2":0,"3":1},"f":{"0":0},"b":{},"_coverageSchema":"1a1c01bbd47fc00a2c39e90264f33305004495a9","hash":"c82f869e09870034d5afb7b2ce244ab38e2f4059"}
,"C:\\projetos\\chalenge-js\\challenges\\pokemon-master\\3-capture-by-type\\challenge.js": {"path":"C:\\projetos\\chalenge-js\\challenges\\pokemon-master\\3-capture-by-type\\challenge.js","statementMap":{"0":{"start":{"line":13,"column":23},"end":{"line":17,"column":1}},"1":{"start":{"line":16,"column":4},"end":{"line":16,"column":54}},"2":{"start":{"line":19,"column":0},"end":{"line":19,"column":31}}},"fnMap":{"0":{"name":"(anonymous_0)","decl":{"start":{"line":13,"column":23},"end":{"line":13,"column":24}},"loc":{"start":{"line":13,"column":40},"end":{"line":17,"column":1}},"line":13}},"branchMap":{},"s":{"0":1,"1":0,"2":1},"f":{"0":0},"b":{},"_coverageSchema":"1a1c01bbd47fc00a2c39e90264f33305004495a9","hash":"be01afccaf03caa2ae31e70a26b93b3fc753556e"}
,"C:\\projetos\\chalenge-js\\utils\\pokemonApi.response.js": {"path":"C:\\projetos\\chalenge-js\\utils\\pokemonApi.response.js","statementMap":{"0":{"start":{"line":1,"column":19},"end":{"line":11463,"column":1}},"1":{"start":{"line":11465,"column":0},"end":{"line":11465,"column":27}}},"fnMap":{},"branchMap":{},"s":{"0":1,"1":1},"f":{},"b":{},"_coverageSchema":"1a1c01bbd47fc00a2c39e90264f33305004495a9","hash":"46dcede001fe13578ebd6512c2c78693f4049397"}
}
