TN:
SF:challenges\1-sum\challenge.js
FN:6,(anonymous_0)
FNF:1
FNH:0
FNDA:0,(anonymous_0)
DA:6,1
DA:7,0
DA:10,1
LF:3
LH:2
BRF:0
BRH:0
end_of_record
TN:
SF:challenges\pokemon-master\1-capture-the-pokemon\challenge.js
FN:3,(anonymous_0)
FN:7,(anonymous_1)
FN:8,(anonymous_2)
FN:19,(anonymous_3)
FNF:4
FNH:3
FNDA:2,(anonymous_0)
FNDA:2,(anonymous_1)
FNDA:1,(anonymous_2)
FNDA:0,(anonymous_3)
DA:1,1
DA:3,1
DA:4,2
DA:7,1
DA:8,2
DA:10,1
DA:11,1
DA:12,1
DA:14,0
DA:17,1
DA:20,0
DA:24,1
DA:26,1
LF:13
LH:11
BRDA:10,0,0,1
BRDA:10,0,1,0
BRF:2
BRH:1
end_of_record
TN:
SF:challenges\pokemon-master\2-send-the-pokemon\challenge.js
FN:6,(anonymous_0)
FNF:1
FNH:0
FNDA:0,(anonymous_0)
DA:6,1
DA:7,0
DA:8,0
DA:11,1
LF:4
LH:2
BRF:0
BRH:0
end_of_record
TN:
SF:challenges\pokemon-master\3-capture-by-type\challenge.js
FN:13,(anonymous_0)
FNF:1
FNH:0
FNDA:0,(anonymous_0)
DA:13,1
DA:16,0
DA:19,1
LF:3
LH:2
BRF:0
BRH:0
end_of_record
TN:
SF:utils\pokemonApi.response.js
FNF:0
FNH:0
DA:1,1
DA:11465,1
LF:2
LH:2
BRF:0
BRH:0
end_of_record
